2025-09-02 20:10:12 [INF] FModel.App.OnStartup: Version 4.4.4.0 (1a29d7d247843c9ccbfa2848e7bb9d6fe05580e3)
2025-09-02 20:10:12 [INF] FModel.App.OnStartup: Windows 11 Home (64-bit)
2025-09-02 20:10:12 [INF] FModel.App.OnStartup: .NET 8.0.17
2025-09-02 20:10:12 [INF] FModel.App.OnStartup: Culture ja-JP
2025-09-02 20:10:13 [INF] FModel.ViewModels.ApiEndpoints.DynamicApiEndpoint+<GetRequestBody>d__5.MoveNext: ["Get"] [OK(200)] 'https://fortnitecentral.genxgames.gg/api/v1/aes'
2025-09-02 20:10:14 [INF] FModel.ViewModels.CUE4Parse.CUE4ParseViewModel+<>c.<Initialize>b__92_1: GAME_UE5_7 (DesktopMobile) | Archives: x99 | AES: x13 | Loose Files: x0
2025-09-02 20:10:14 [INF] CUE4Parse.UE4.Pak.PakFileReader.Mount: Pak "UEFNFortniteGame-WindowsUEFN_Unlock_P.pak": 2 files, order 103, version 3 in 00:00:00.0027609
2025-09-02 20:10:14 [WRN] CUE4Parse.UE4.VirtualFileSystem.AbstractVfsReader.ValidateMountPoint: "pakchunk0ondemand-WindowsClient.pak" has strange mount point "/", mounting to root
2025-09-02 20:10:14 [INF] CUE4Parse.UE4.Pak.PakFileReader.Mount: Pak "pakchunk0ondemand-WindowsClient.pak": 0 files, order 3, version 11 in 00:00:00.0125165
2025-09-02 20:10:14 [INF] CUE4Parse.UE4.IO.IoStoreReader.Mount: IoStore "pakchunk4637-WindowsClient.o.utoc": 2 files, mount point: "FortniteGame/Content/Environments/Asteria/Terrain/", order 3, version 8 in 00:00:00.0131422
2025-09-02 20:10:14 [INF] CUE4Parse.UE4.Pak.PakFileReader.Mount: Pak "pakchunk90-WindowsClient.pak": 40 files, mount point: "FortniteGame/", order 3, version 11 in 00:00:00.0136968
2025-09-02 20:10:14 [INF] CUE4Parse.UE4.Pak.PakFileReader.Mount: Pak "pakchunk80-WindowsClient.pak": 310 files, mount point: "FortniteGame/", order 3, version 11 in 00:00:00.0143049
2025-09-02 20:10:14 [INF] CUE4Parse.UE4.IO.IoStoreReader.Mount: IoStore "pakchunk13-WindowsClient.o.utoc": 21887 files, order 3, version 8 in 00:00:00.0357008
2025-09-02 20:10:14 [INF] CUE4Parse.UE4.IO.IoStoreReader.Mount: IoStore "pakchunk4647-WindowsClient.o.utoc": 4 files, mount point: "FortniteGame/Content/Environments/", order 3, version 8 in 00:00:00.0001534
2025-09-02 20:10:14 [INF] CUE4Parse.UE4.IO.IoStoreReader.Mount: IoStore "pakchunk4633-WindowsClient.o.utoc": 19 files, mount point: "FortniteGame/Content/", order 3, version 8 in 00:00:00.0002176
2025-09-02 20:10:14 [INF] CUE4Parse.UE4.Pak.PakFileReader.Mount: Pak "UEFNFortniteGame-WindowsUEFN_4.pak": 4 files, order 3, version 3 in 00:00:00.0001039
2025-09-02 20:10:14 [INF] CUE4Parse.UE4.IO.IoStoreReader.Mount: IoStore "pakchunk4636-WindowsClient.o.utoc": 16 files, mount point: "FortniteGame/Content/", order 3, version 8 in 00:00:00.0002714
2025-09-02 20:10:14 [INF] CUE4Parse.UE4.IO.IoStoreReader.Mount: IoStore "pakchunk4644-WindowsClient.o.utoc": 1 files, mount point: "FortniteGame/Plugins/GameFeatures/DelMar/Levels/GoldRush/Content/", order 3, version 8 in 00:00:00.0000827
2025-09-02 20:10:14 [INF] CUE4Parse.UE4.IO.IoStoreReader.Mount: IoStore "pakchunk4645-WindowsClient.o.utoc": 2 files, mount point: "FortniteGame/Content/Environments/Asteria/Props/Ancients/Ancients_Table_A/", order 3, version 8 in 00:00:00.0001203
2025-09-02 20:10:14 [INF] CUE4Parse.UE4.IO.IoStoreReader.Mount: IoStore "pakchunk4651-WindowsClient.o.utoc": 7 files, mount point: "FortniteGame/Plugins/GameFeatures/DelMar/Levels/DM_404_S2_B/Content/", order 3, version 8 in 00:00:00.0001315
2025-09-02 20:10:14 [INF] CUE4Parse.UE4.IO.IoStoreReader.Mount: IoStore "pakchunk4641-WindowsClient.o.utoc": 2 files, mount point: "FortniteGame/Plugins/GameFeatures/DelMar/Levels/Borealis/Content/", order 3, version 8 in 00:00:00.0001036
2025-09-02 20:10:14 [INF] CUE4Parse.UE4.IO.IoStoreReader.Mount: IoStore "pakchunk0ondemand-WindowsClient.utoc": 27 files, mount point: "FortniteGame/Content/", order 3, version 8 in 00:00:00.0001306
2025-09-02 20:10:14 [INF] CUE4Parse.UE4.Pak.PakFileReader.Mount: Pak "UEFNFortniteGame-WindowsUEFN_AthenaHUD.pak": 2 files, order 3, version 3 in 00:00:00.0001619
2025-09-02 20:10:14 [INF] CUE4Parse.UE4.Pak.PakFileReader.Mount: Pak "pakchunk20-WindowsClient.pak": 22 files, mount point: "FortniteGame/Content/", order 3, version 11 in 00:00:00.0005055
2025-09-02 20:10:14 [INF] CUE4Parse.UE4.IO.IoStoreReader.Mount: IoStore "pakchunk4646-WindowsClient.o.utoc": 3 files, mount point: "FortniteGame/Content/Environments/Asteria/Props/Ancients/Ancients_Rubble_A/", order 3, version 8 in 00:00:00.0041835
2025-09-02 20:10:14 [INF] CUE4Parse.UE4.Pak.PakFileReader.Mount: Pak "pakchunk10-WindowsClient.pak": 22 files, mount point: "FortniteGame/Content/", order 3, version 11 in 00:00:00.0005690
2025-09-02 20:10:14 [INF] CUE4Parse.UE4.Pak.PakFileReader.Mount: Pak "pakchunk40-WindowsClient.pak": 706 files, mount point: "FortniteGame/", order 3, version 11 in 00:00:00.0041308
2025-09-02 20:10:14 [INF] CUE4Parse.UE4.IO.IoStoreReader.Mount: IoStore "pakchunk4614-WindowsClient.o.utoc": 4 files, mount point: "FortniteGame/Content/Environments/Artemis/Sets/Celebration/Materials/Graffiti_Decals/", order 3, version 8 in 00:00:00.0000987
2025-09-02 20:10:14 [INF] CUE4Parse.UE4.IO.IoStoreReader.Mount: IoStore "pakchunk70-WindowsClient.o.utoc": 4 files, mount point: "FortniteGame/Plugins/GameFeatures/DelMar/", order 3, version 8 in 00:00:00.0001019
2025-09-02 20:10:14 [INF] CUE4Parse.UE4.IO.IoStoreReader.Mount: IoStore "pakchunk4640-WindowsClient.o.utoc": 6 files, mount point: "FortniteGame/Plugins/GameFeatures/DelMar/Levels/Alpine/Content/", order 3, version 8 in 00:00:00.0000963
2025-09-02 20:10:14 [INF] CUE4Parse.UE4.IO.IoStoreReader.Mount: IoStore "pakchunk4606-WindowsClient.o.utoc": 2 files, mount point: "FortniteGame/Content/", order 3, version 8 in 00:00:00.0000715
2025-09-02 20:10:14 [INF] CUE4Parse.UE4.Pak.PakFileReader.Mount: Pak "pakchunk100-WindowsClient.pak": 94 files, mount point: "FortniteGame/", order 3, version 11 in 00:00:00.0008628
2025-09-02 20:10:14 [INF] CUE4Parse.UE4.IO.IoStoreReader.Mount: IoStore "pakchunk4635-WindowsClient.o.utoc": 1 files, mount point: "FortniteGame/Content/Environments/Helios/Sets/Underground/Blueprints/Tunnel/", order 3, version 8 in 00:00:00.0000562
2025-09-02 20:10:14 [INF] CUE4Parse.UE4.IO.IoStoreReader.Mount: IoStore "pakchunk90-WindowsClient.utoc": 4000 files, mount point: "FortniteGame/", order 3, version 8 in 00:00:00.0080673
2025-09-02 20:10:14 [INF] CUE4Parse.UE4.Pak.PakFileReader.Mount: Pak "pakchunk70-WindowsClient.pak": 91 files, mount point: "FortniteGame/", order 3, version 11 in 00:00:00.0005006
2025-09-02 20:10:14 [INF] CUE4Parse.UE4.Pak.PakFileReader.Mount: Pak "pakchunk13-WindowsClient.pak": 3587 files, mount point: "FortniteGame/", order 3, version 11 in 00:00:00.0280729
2025-09-02 20:10:14 [INF] CUE4Parse.UE4.IO.IoStoreReader.Mount: IoStore "pakchunk80-WindowsClient.o.utoc": 2185 files, mount point: "FortniteGame/", order 3, version 8 in 00:00:00.0258490
2025-09-02 20:10:14 [INF] CUE4Parse.UE4.IO.IoStoreReader.Mount: IoStore "pakchunk10-WindowsClient.o.utoc": 3371 files, order 3, version 8 in 00:00:00.0263422
2025-09-02 20:10:14 [INF] CUE4Parse.UE4.Pak.PakFileReader.Mount: Pak "pakchunk30-WindowsClient.pak": 1705 files, mount point: "FortniteGame/", order 3, version 11 in 00:00:00.0226326
2025-09-02 20:10:14 [INF] CUE4Parse.UE4.Pak.PakFileReader.Mount: Pak "UEFNFortniteGame-WindowsUEFN_HUDs.pak": 2 files, order 3, version 3 in 00:00:00.0001433
2025-09-02 20:10:14 [INF] CUE4Parse.UE4.IO.IoStoreReader.Mount: IoStore "pakchunk4634-WindowsClient.o.utoc": 24 files, mount point: "FortniteGame/Content/Environments/Asteria/", order 3, version 8 in 00:00:00.0004525
2025-09-02 20:10:14 [INF] CUE4Parse.UE4.IO.IoStoreReader.Mount: IoStore "pakchunk0-WindowsClient.o.utoc": 3564 files, order 3, version 8 in 00:00:00.0512121
2025-09-02 20:10:14 [INF] CUE4Parse.UE4.IO.IoStoreReader.Mount: IoStore "UEFNFortniteGame-WindowsUEFN.o.utoc": 5192 files, order 3, version 8 in 00:00:00.0580484
2025-09-02 20:10:14 [INF] CUE4Parse.UE4.IO.IoStoreReader.Mount: IoStore "pakchunk90-WindowsClient.o.utoc": 994 files, mount point: "FortniteGame/", order 3, version 8 in 00:00:00.0044249
2025-09-02 20:10:14 [INF] CUE4Parse.UE4.IO.IoStoreReader.Mount: IoStore "pakchunk80-WindowsClient.utoc": 8958 files, mount point: "FortniteGame/", order 3, version 8 in 00:00:00.1263742
2025-09-02 20:10:14 [INF] CUE4Parse.UE4.IO.IoStoreReader.Mount: IoStore "pakchunk20-WindowsClient.o.utoc": 6514 files, order 3, version 8 in 00:00:00.0893986
2025-09-02 20:10:14 [INF] CUE4Parse.UE4.Pak.PakFileReader.Mount: Pak "pakchunk60-WindowsClient.pak": 7798 files, mount point: "FortniteGame/", order 3, version 11 in 00:00:00.1401892
2025-09-02 20:10:14 [WRN] CUE4Parse.UE4.VirtualFileSystem.AbstractVfsReader.ValidateMountPoint: "pakchunk100iad-WindowsClient.pak" has strange mount point "/", mounting to root
2025-09-02 20:10:14 [INF] CUE4Parse.UE4.Pak.PakFileReader.Mount: Pak "pakchunk100iad-WindowsClient.pak": 0 files, order 3, version 11 in 00:00:00.0003867
2025-09-02 20:10:14 [INF] CUE4Parse.UE4.IO.IoStoreReader.Mount: IoStore "pakchunk50-WindowsClient.o.utoc": 6412 files, mount point: "FortniteGame/", order 3, version 8 in 00:00:00.1299619
2025-09-02 20:10:14 [INF] CUE4Parse.UE4.IO.IoStoreReader.Mount: IoStore "pakChunkEarly-WindowsClient.utoc": 3 files, mount point: "FortniteGame/Content/", order 3, version 8 in 00:00:00.0001280
2025-09-02 20:10:14 [INF] CUE4Parse.UE4.IO.IoStoreReader.Mount: IoStore "pakchunk8-WindowsClient.o.utoc": 1 files, mount point: "FortniteGame/Content/L10N/ru/Environments/Helios/Props/Commerce/Commerce_HangingLights_A/Materials/", order 3, version 8 in 00:00:00.0000939
2025-09-02 20:10:14 [INF] CUE4Parse.UE4.Pak.PakFileReader.Mount: Pak "pakchunk50-WindowsClient.pak": 22 files, mount point: "FortniteGame/Content/", order 3, version 11 in 00:00:00.0001955
2025-09-02 20:10:14 [INF] CUE4Parse.UE4.IO.IoStoreReader.Mount: IoStore "pakchunk10-WindowsClient.utoc": 15014 files, order 3, version 8 in 00:00:00.2480328
2025-09-02 20:10:14 [INF] CUE4Parse.UE4.IO.IoStoreReader.Mount: IoStore "UEFNFortniteGame-WindowsUEFN.utoc": 22481 files, order 3, version 8 in 00:00:00.2753194
2025-09-02 20:10:14 [INF] CUE4Parse.UE4.Pak.PakFileReader.Mount: Pak "pakChunkEarly-WindowsClient.pak": 22289 files (2000 encrypted), order 3, version 11 in 00:00:00.2784850
2025-09-02 20:10:14 [INF] CUE4Parse.UE4.IO.IoStoreReader.Mount: IoStore "pakchunk70-WindowsClient.utoc": 181 files, mount point: "FortniteGame/", order 3, version 8 in 00:00:00.0005471
2025-09-02 20:10:14 [INF] CUE4Parse.UE4.IO.IoStoreReader.Mount: IoStore "pakchunk1000-WindowsClient.utoc": 194 files (194 encrypted), mount point: "FortniteGame/", order 3, version 8 in 00:00:00.0010367
2025-09-02 20:10:14 [INF] CUE4Parse.UE4.IO.IoStoreReader.Mount: IoStore "pakchunk1000-WindowsClient.o.utoc": 10 files (10 encrypted), mount point: "FortniteGame/Plugins/GameFeatures/CosmeticShoes/Content/Assets/FORT_Shoes/", order 3, version 8 in 00:00:00.0001517
2025-09-02 20:10:14 [INF] CUE4Parse.UE4.Pak.PakFileReader.Mount: Pak "pakchunk1000-WindowsClient.pak": 23 files (23 encrypted), mount point: "FortniteGame/", order 3, version 11 in 00:00:00.0002573
2025-09-02 20:10:14 [INF] CUE4Parse.UE4.Pak.PakFileReader.Mount: Pak "pakchunk1002-WindowsClient.pak": 23 files (23 encrypted), mount point: "FortniteGame/", order 3, version 11 in 00:00:00.0001475
2025-09-02 20:10:14 [INF] CUE4Parse.UE4.IO.IoStoreReader.Mount: IoStore "pakchunk1002-WindowsClient.o.utoc": 17 files (17 encrypted), mount point: "FortniteGame/Plugins/GameFeatures/", order 3, version 8 in 00:00:00.0114829
2025-09-02 20:10:14 [INF] CUE4Parse.UE4.IO.IoStoreReader.Mount: IoStore "pakchunk1002-WindowsClient.utoc": 127 files (127 encrypted), mount point: "FortniteGame/", order 3, version 8 in 00:00:00.0117201
2025-09-02 20:10:14 [INF] CUE4Parse.UE4.IO.IoStoreReader.Mount: IoStore "pakchunk1003-WindowsClient.utoc": 22 files (22 encrypted), mount point: "FortniteGame/Plugins/GameFeatures/", order 3, version 8 in 00:00:00.0001912
2025-09-02 20:10:14 [INF] CUE4Parse.UE4.Pak.PakFileReader.Mount: Pak "pakchunk1003-WindowsClient.pak": 20 files (20 encrypted), mount point: "FortniteGame/", order 3, version 11 in 00:00:00.0001372
2025-09-02 20:10:14 [INF] CUE4Parse.UE4.Pak.PakFileReader.Mount: Pak "pakchunk1004-WindowsClient.pak": 20 files (20 encrypted), mount point: "FortniteGame/", order 3, version 11 in 00:00:00.0001319
2025-09-02 20:10:14 [INF] CUE4Parse.UE4.IO.IoStoreReader.Mount: IoStore "pakchunk1004-WindowsClient.utoc": 44 files (44 encrypted), mount point: "FortniteGame/Plugins/GameFeatures/", order 3, version 8 in 00:00:00.0002372
2025-09-02 20:10:14 [INF] CUE4Parse.UE4.Pak.PakFileReader.Mount: Pak "pakchunk1006-WindowsClient.pak": 23 files (23 encrypted), mount point: "FortniteGame/", order 3, version 11 in 00:00:00.0001275
2025-09-02 20:10:14 [INF] CUE4Parse.UE4.Pak.PakFileReader.Mount: Pak "pakchunk0-WindowsClient.pak": 10158 files (2000 encrypted), order 3, version 11 in 00:00:00.0854608
2025-09-02 20:10:14 [INF] CUE4Parse.UE4.IO.IoStoreReader.Mount: IoStore "pakchunk1006-WindowsClient.o.utoc": 212 files (212 encrypted), mount point: "FortniteGame/", order 3, version 8 in 00:00:00.0009739
2025-09-02 20:10:14 [INF] CUE4Parse.UE4.Pak.PakFileReader.Mount: Pak "pakchunk1011-WindowsClient.pak": 23 files (23 encrypted), mount point: "FortniteGame/", order 3, version 11 in 00:00:00.0107830
2025-09-02 20:10:14 [INF] CUE4Parse.UE4.IO.IoStoreReader.Mount: IoStore "pakchunk1011-WindowsClient.o.utoc": 34 files (34 encrypted), mount point: "FortniteGame/Plugins/GameFeatures/BRCosmetics/Content/", order 3, version 8 in 00:00:00.0108428
2025-09-02 20:10:14 [INF] CUE4Parse.UE4.IO.IoStoreReader.Mount: IoStore "pakchunk0-WindowsClient.utoc": 29074 files, order 3, version 8 in 00:00:00.3180259
2025-09-02 20:10:14 [INF] CUE4Parse.UE4.IO.IoStoreReader.Mount: IoStore "pakchunk1006-WindowsClient.utoc": 1094 files (1094 encrypted), mount point: "FortniteGame/", order 3, version 8 in 00:00:00.0143031
2025-09-02 20:10:14 [INF] CUE4Parse.UE4.IO.IoStoreReader.Mount: IoStore "pakchunk1011-WindowsClient.utoc": 288 files (288 encrypted), mount point: "FortniteGame/", order 3, version 8 in 00:00:00.0010004
2025-09-02 20:10:14 [INF] CUE4Parse.UE4.IO.IoStoreReader.Mount: IoStore "pakchunk50-WindowsClient.utoc": 31567 files, order 3, version 8 in 00:00:00.4520755
2025-09-02 20:10:14 [INF] CUE4Parse.UE4.IO.IoStoreReader.Mount: IoStore "pakchunk100iad-WindowsClient.utoc": 25400 files, mount point: "FortniteGame/Plugins/GameFeatures/BRCosmetics/Content/", order 3, version 8 in 00:00:00.4090370
2025-09-02 20:10:14 [INF] CUE4Parse.UE4.IO.IoStoreReader.Mount: IoStore "pakchunk30-WindowsClient.o.utoc": 27469 files, order 3, version 8 in 00:00:00.5063349
2025-09-02 20:10:14 [INF] CUE4Parse.UE4.IO.IoStoreReader.Mount: IoStore "pakchunk11-WindowsClient.o.utoc": 21276 files, mount point: "FortniteGame/", order 3, version 8 in 00:00:00.2896870
2025-09-02 20:10:14 [INF] CUE4Parse.UE4.IO.IoStoreReader.Mount: IoStore "pakchunk20-WindowsClient.utoc": 34297 files, order 3, version 8 in 00:00:00.4546661
2025-09-02 20:10:14 [INF] CUE4Parse.UE4.IO.IoStoreReader.Mount: IoStore "pakchunk60-WindowsClient.o.utoc": 30782 files, order 3, version 8 in 00:00:00.5423670
2025-09-02 20:10:15 [INF] CUE4Parse.UE4.IO.IoStoreReader.Mount: IoStore "pakchunk40-WindowsClient.o.utoc": 50810 files, order 3, version 8 in 00:00:00.8363838
2025-09-02 20:10:15 [INF] CUE4Parse.UE4.IO.IoStoreReader.Mount: IoStore "pakchunk100-WindowsClient.o.utoc": 67671 files, order 3, version 8 in 00:00:00.9409752
2025-09-02 20:10:15 [INF] CUE4Parse.UE4.Pak.PakFileReader.Mount: Pak "UEFNFortniteGame-WindowsUEFN.pak": 137418 files (81 encrypted), order 3, version 11 in 00:00:01.0668924
2025-09-02 20:10:15 [INF] CUE4Parse.UE4.IO.IoStoreReader.Mount: IoStore "pakchunk30-WindowsClient.utoc": 149763 files, order 3, version 8 in 00:00:01.0713145
2025-09-02 20:10:15 [INF] CUE4Parse.UE4.IO.IoStoreReader.Mount: IoStore "pakchunk60-WindowsClient.utoc": 157334 files, order 3, version 8 in 00:00:01.2354775
2025-09-02 20:10:15 [INF] CUE4Parse.UE4.IO.IoStoreReader.Mount: IoStore "pakchunk40-WindowsClient.utoc": 265635 files, order 3, version 8 in 00:00:01.6075321
2025-09-02 20:10:15 [INF] CUE4Parse.UE4.IO.IoStoreReader.Mount: IoStore "pakchunk13-WindowsClient.utoc": 223700 files, order 3, version 8 in 00:00:01.5798341
2025-09-02 20:10:16 [INF] CUE4Parse.UE4.IO.IoStoreReader.Mount: IoStore "pakchunk100-WindowsClient.utoc": 420032 files, order 3, version 8 in 00:00:02.3456830
2025-09-02 20:10:17 [INF] FModel.ViewModels.CUE4Parse.CUE4ParseViewModel.LoadVfs: Project: FortniteGame | Mounted: 81/99 | AES: 7/13 | Files: x1822137
2025-09-02 20:10:18 [INF] FModel.ViewModels.ApiEndpoints.FModelApiEndpoint+<GetNewsAsync>d__9.MoveNext: ["Get"] [OK(200)] 'https://api.fmodel.app/v1/news/4.4.4.0?game=FortniteGame'
2025-09-02 20:10:18 [INF] FModel.ViewModels.ApiEndpoints.DynamicApiEndpoint+<GetRequestBody>d__5.MoveNext: ["Get"] [OK(200)] 'https://fortnitecentral.genxgames.gg/api/v1/mappings'
2025-09-02 20:10:19 [INF] FModel.Services.DiscordHandler+<>c.<Initialize>b__6_0: @fljpnews (798815947350999061) is now ready
2025-09-02 20:10:20 [INF] FModel.ViewModels.CUE4Parse.CUE4ParseViewModel+<>c__DisplayClass91_0.<InitMappingsForProvider>b__0: Mappings pulled from '++Fortnite+Release-37.10-CL-45056983-Windows_oo.usmap'
2025-09-02 20:10:21 [INF] CUE4Parse.UE4.IO.IoStoreReader.Mount: IoStore "pakchunk0ondemand-WindowsClient.utoc": 27 files, mount point: "FortniteGame/Content/", order 3, version 8 in 00:00:00.0012232
2025-09-02 20:10:21 [INF] CUE4Parse.UE4.IO.IoStoreReader.Mount: IoStore "pakchunk13ondemandoptional-WindowsClient.utoc": 26 files, mount point: "FortniteGame/", order 3, version 8 in 00:00:00.0009453
2025-09-02 20:10:21 [INF] CUE4Parse.UE4.IO.IoStoreReader.Mount: IoStore "pakchunk10ondemand-WindowsClient.utoc": 23 files, mount point: "FortniteGame/Content/Characters/Player/Male/Medium/", order 3, version 8 in 00:00:00.0013410
2025-09-02 20:10:21 [INF] CUE4Parse.UE4.IO.IoStoreReader.Mount: IoStore "pakchunk60ondemand-WindowsClient.utoc": 1 files, mount point: "FortniteGame/Plugins/GameFeatures/Juno/JunoGame/Content/Effects/CameraFX/Textures/", order 3, version 8 in 00:00:00.0014336
2025-09-02 20:10:21 [INF] CUE4Parse.UE4.IO.IoStoreReader.Mount: IoStore "pakchunk10ondemandoptional-WindowsClient.utoc": 23 files, mount point: "FortniteGame/Content/Characters/Player/Male/Medium/", order 3, version 8 in 00:00:00.0011745
2025-09-02 20:10:21 [INF] CUE4Parse.UE4.IO.IoStoreReader.Mount: IoStore "pakchunk13ondemand-WindowsClient.utoc": 27 files, mount point: "FortniteGame/", order 3, version 8 in 00:00:00.0012006
2025-09-02 20:10:21 [INF] CUE4Parse.UE4.IO.IoStoreReader.Mount: IoStore "pakchunk0ondemandoptional-WindowsClient.utoc": 26 files, mount point: "FortniteGame/Content/", order 3, version 8 in 00:00:00.0013151
2025-09-02 20:10:21 [INF] CUE4Parse.UE4.IO.IoStoreReader.Mount: IoStore "pakchunk60ondemandoptional-WindowsClient.utoc": 1 files, mount point: "FortniteGame/Plugins/GameFeatures/Juno/JunoGame/Content/Effects/CameraFX/Textures/", order 3, version 8 in 00:00:00.0017356
2025-09-02 20:10:21 [INF] CUE4Parse.UE4.IO.IoStoreReader.Mount: IoStore "pakchunk40ondemandoptional-WindowsClient.utoc": 11 files, mount point: "FortniteGame/", order 3, version 8 in 00:00:00.0018092
2025-09-02 20:10:21 [INF] CUE4Parse.UE4.IO.IoStoreReader.Mount: IoStore "pakchunk40ondemand-WindowsClient.utoc": 11 files, mount point: "FortniteGame/", order 3, version 8 in 00:00:00.0016988
2025-09-02 20:10:21 [INF] CUE4Parse.UE4.IO.IoStoreReader.Mount: IoStore "pakchunk30ondemand-WindowsClient.utoc": 5773 files, mount point: "FortniteGame/", order 3, version 8 in 00:00:00.0175213
2025-09-02 20:10:21 [INF] CUE4Parse.UE4.IO.IoStoreReader.Mount: IoStore "pakchunk30ondemandoptional-WindowsClient.utoc": 5578 files, mount point: "FortniteGame/", order 3, version 8 in 00:00:00.0182588
2025-09-02 20:10:21 [INF] CUE4Parse.UE4.IO.IoStoreReader.Mount: IoStore "pakchunk100ondemandoptional-WindowsClient.utoc": 71935 files, mount point: "FortniteGame/", order 3, version 8 in 00:00:00.1316549
2025-09-02 20:10:21 [INF] CUE4Parse.UE4.IO.IoStoreReader.Mount: IoStore "pakchunk100ondemand-WindowsClient.utoc": 70668 files, mount point: "FortniteGame/", order 3, version 8 in 00:00:00.1324905
2025-09-02 20:10:25 [INF] FModel.ViewModels.ApiEndpoints.FortniteCentralApiEndpoint+<GetHotfixesAsync>d__1.MoveNext: ["Get"] [OK(200)] 'https://fortnitecentral.genxgames.gg/api/v1/hotfixes?lang=ja'
2025-09-02 20:10:37 [INF] FModel.ViewModels.CUE4Parse.CUE4ParseViewModel.Extract: User DOUBLE-CLICKED to extract 'FortniteGame/Plugins/GameFeatures/BRCosmetics/Content/Athena/Items/Cosmetics/Characters/Character_GildedBrick.uasset'
2025-09-02 20:10:39 [INF] FModel.ViewModels.ApiEndpoints.FModelApiEndpoint+<GetDesignAsync>d__17.MoveNext: ["Get"] [OK(200)] 'https://api.fmodel.app/v1/designs/Cataba'
2025-09-02 20:10:53 [INF] FModel.ViewModels.CUE4Parse.CUE4ParseViewModel.Extract: User DOUBLE-CLICKED to extract 'FortniteGame/Plugins/GameFeatures/OfferCatalog/Content/Textures/BattleRoyale/FeaturedItems/Outfit/T_AthenaBundles_Architect_Disco_02.uasset'
2025-09-02 20:10:54 [INF] FModel.ViewModels.CUE4Parse.CUE4ParseViewModel.Extract: User DOUBLE-CLICKED to extract 'FortniteGame/Plugins/GameFeatures/OfferCatalog/Content/Textures/BattleRoyale/FeaturedItems/Outfit/T_AthenaBundles_FemaleCyberKarate_03.uasset'
2025-09-02 20:10:55 [INF] FModel.ViewModels.CUE4Parse.CUE4ParseViewModel.Extract: User DOUBLE-CLICKED to extract 'FortniteGame/Plugins/GameFeatures/OfferCatalog/Content/Textures/BattleRoyale/FeaturedItems/Outfit/T_AthenaSoldiers_HeavyTruffle.uasset'
2025-09-02 20:10:55 [INF] FModel.ViewModels.CUE4Parse.CUE4ParseViewModel.Extract: User DOUBLE-CLICKED to extract 'FortniteGame/Plugins/GameFeatures/OfferCatalog/Content/Textures/BattleRoyale/FeaturedItems/Outfit/T_AthenaBundles_HeavyTruffle.uasset'
2025-09-02 20:10:59 [INF] FModel.ViewModels.CUE4Parse.CUE4ParseViewModel.Extract: User DOUBLE-CLICKED to extract 'FortniteGame/Plugins/GameFeatures/OfferCatalog/Content/Textures/BattleRoyale/FeaturedItems/Outfit/S37/T_AthenaBundles_IgniteEgg.uasset'
2025-09-02 20:11:00 [INF] FModel.ViewModels.CUE4Parse.CUE4ParseViewModel.Extract: User DOUBLE-CLICKED to extract 'FortniteGame/Plugins/GameFeatures/OfferCatalog/Content/Textures/BattleRoyale/FeaturedItems/Outfit/S37/T_AthenaBundles_Jam_MechanicalEngineerSummer_02.uasset'
2025-09-02 20:11:01 [INF] FModel.ViewModels.CUE4Parse.CUE4ParseViewModel.Extract: User DOUBLE-CLICKED to extract 'FortniteGame/Plugins/GameFeatures/OfferCatalog/Content/Textures/BattleRoyale/FeaturedItems/Outfit/S37/T_AthenaBundles_IgniteEgg.uasset'
2025-09-02 20:11:13 [INF] FModel.ViewModels.CUE4Parse.CUE4ParseViewModel.Extract: User DOUBLE-CLICKED to extract 'FortniteGame/Plugins/GameFeatures/LootCurrentSeason/Content/DataTables/HabaneroBR/LootCurrentSeasonComposite_LP_Habanero.uasset'
2025-09-02 20:11:14 [INF] FModel.ViewModels.CUE4Parse.CUE4ParseViewModel.Extract: User DOUBLE-CLICKED to extract 'FortniteGame/Plugins/GameFeatures/LootCurrentSeason/Content/DataTables/HabaneroBR/LootCurrentSeasonLootPackages_Client_Habanero_Backup.uasset'
2025-09-02 20:11:14 [INF] FModel.ViewModels.CUE4Parse.CUE4ParseViewModel.Extract: User DOUBLE-CLICKED to extract 'FortniteGame/Plugins/GameFeatures/LootCurrentSeason/Content/DataTables/HabaneroBR/LootCurrentSeasonComposite_LT_Habanero.uasset'
2025-09-02 20:11:16 [INF] FModel.App.AppExit: ––––––––––––––––––––––––––––––––––––––––––––––––––––––––––––––––––––––––––
